[0.263s] Invoking command in '/home/lemmy/robotis_ws/build/dynamixel_sdk_examples': CMAKE_PREFIX_PATH=/home/lemmy/robotis_ws/install/dynamixel_sdk_custom_interfaces:/home/lemmy/robotis_ws/install/dynamixel_sdk:/home/lemmy/Github/Mobile_robot/dynamixel_motors_controller/install/dynamixel_motors_controller:/home/lemmy/robotis_ws/install/dynamixel_sdk_examples:/home/lemmy/ros2_ws/install/pantilt_bot_description:/home/lemmy/ros2_ws/install/open_manipulator_x_description:/home/lemmy/ros2_ws/install/dynamixel_hardware:/home/lemmy/ros2_ws/install/my_robot_controller:/opt/ros/humble /usr/bin/cmake --build /home/lemmy/robotis_ws/build/dynamixel_sdk_examples -- -j4 -l4
[0.778s] [ 50%] [32mBuilding CXX object CMakeFiles/read_write_node.dir/src/read_write_node.cpp.o[0m
[20.094s] In file included from [01m[K/home/lemmy/robotis_ws/src/DynamixelSDK/dynamixel_sdk_examples/src/read_write_node.cpp:11[m[K:
[20.097s] [01m[K/home/lemmy/robotis_ws/src/DynamixelSDK/dynamixel_sdk_examples/include/read_write_node.hpp:40:30:[m[K [01;31m[Kerror: [m[Kexpected unqualified-id before â€˜[01m[K>[m[Kâ€™ token
[20.098s]    40 |   rclcpp::Service<GetVelocity[01;31m[K>>[m[K::SharedPtr get_velocity_server_;
[20.100s]       |                              [01;31m[K^~[m[K
[20.212s] [01m[K/home/lemmy/robotis_ws/src/DynamixelSDK/dynamixel_sdk_examples/src/read_write_node.cpp:[m[K In lambda function:
[20.213s] [01m[K/home/lemmy/robotis_ws/src/DynamixelSDK/dynamixel_sdk_examples/src/read_write_node.cpp:127:27:[m[K [01;31m[Kerror: [m[Kâ€˜[01m[Kusing element_type = struct dynamixel_sdk_custom_interfaces::srv::GetVelocity_Response_<std::allocator<void> >[m[Kâ€™ {aka â€˜[01m[Kstruct dynamixel_sdk_custom_interfaces::srv::GetVelocity_Response_<std::allocator<void> >[m[Kâ€™} has no member named â€˜[01m[Kvelocity[m[Kâ€™; did you mean â€˜[01m[Kvelocities[m[Kâ€™?
[20.214s]   127 |                 response->[01;31m[Kvelocity[m[K = present_velocity;
[20.215s]       |                           [01;31m[K^~~~~~~~[m[K
[20.215s]       |                           [32m[Kvelocities[m[K
[20.269s] [01m[K/home/lemmy/robotis_ws/src/DynamixelSDK/dynamixel_sdk_examples/src/read_write_node.cpp:[m[K In constructor â€˜[01m[KReadWriteNode::ReadWriteNode()[m[Kâ€™:
[20.270s] [01m[K/home/lemmy/robotis_ws/src/DynamixelSDK/dynamixel_sdk_examples/src/read_write_node.cpp:130:5:[m[K [01;31m[Kerror: [m[Kâ€˜[01m[Kget_velocity_server_[m[Kâ€™ was not declared in this scope; did you mean â€˜[01m[Kset_velocity_subscriber_[m[Kâ€™?
[20.271s]   130 |     [01;31m[Kget_velocity_server_[m[K = create_service<GetVelocity>("get_velocity", get_present_velocity);
[20.272s]       |     [01;31m[K^~~~~~~~~~~~~~~~~~~~[m[K
[20.273s]       |     [32m[Kset_velocity_subscriber_[m[K
[36.158s] gmake[2]: *** [CMakeFiles/read_write_node.dir/build.make:76: CMakeFiles/read_write_node.dir/src/read_write_node.cpp.o] Error 1
[36.163s] gmake[1]: *** [CMakeFiles/Makefile2:137: CMakeFiles/read_write_node.dir/all] Error 2
[36.169s] gmake: *** [Makefile:146: all] Error 2
[36.173s] Invoked command in '/home/lemmy/robotis_ws/build/dynamixel_sdk_examples' returned '2': CMAKE_PREFIX_PATH=/home/lemmy/robotis_ws/install/dynamixel_sdk_custom_interfaces:/home/lemmy/robotis_ws/install/dynamixel_sdk:/home/lemmy/Github/Mobile_robot/dynamixel_motors_controller/install/dynamixel_motors_controller:/home/lemmy/robotis_ws/install/dynamixel_sdk_examples:/home/lemmy/ros2_ws/install/pantilt_bot_description:/home/lemmy/ros2_ws/install/open_manipulator_x_description:/home/lemmy/ros2_ws/install/dynamixel_hardware:/home/lemmy/ros2_ws/install/my_robot_controller:/opt/ros/humble /usr/bin/cmake --build /home/lemmy/robotis_ws/build/dynamixel_sdk_examples -- -j4 -l4
