[01m[K/home/lemmy/robotis_ws/src/DynamixelSDK/dynamixel_sdk_examples/src/read_write_node.cpp:[m[K In lambda function:
[01m[K/home/lemmy/robotis_ws/src/DynamixelSDK/dynamixel_sdk_examples/src/read_write_node.cpp:127:27:[m[K [01;31m[Kerror: [m[Kâ€˜[01m[Kusing element_type = struct dynamixel_sdk_custom_interfaces::srv::GetVelocity_Response_<std::allocator<void> >[m[Kâ€™ {aka â€˜[01m[Kstruct dynamixel_sdk_custom_interfaces::srv::GetVelocity_Response_<std::allocator<void> >[m[Kâ€™} has no member named â€˜[01m[Kvelocity[m[Kâ€™; did you mean â€˜[01m[Kvelocities[m[Kâ€™?
  127 |                 response->[01;31m[Kvelocity[m[K = present_velocity;
      |                           [01;31m[K^~~~~~~~[m[K
      |                           [32m[Kvelocities[m[K
gmake[2]: *** [CMakeFiles/read_write_node.dir/build.make:76: CMakeFiles/read_write_node.dir/src/read_write_node.cpp.o] Error 1
gmake[1]: *** [CMakeFiles/Makefile2:137: CMakeFiles/read_write_node.dir/all] Error 2
gmake: *** [Makefile:146: all] Error 2
