[0.123s] Invoking command in '/home/lemmy/robotis_ws/build/dynamixel_sdk_examples': CMAKE_PREFIX_PATH=/home/lemmy/robotis_ws/install/dynamixel_sdk_custom_interfaces:/home/lemmy/robotis_ws/install/dynamixel_sdk:/home/lemmy/Github/Mobile_robot/dynamixel_motors_controller/install/dynamixel_motors_controller:/home/lemmy/robotis_ws/install/dynamixel_sdk_examples:/home/lemmy/ros2_ws/install/pantilt_bot_description:/home/lemmy/ros2_ws/install/open_manipulator_x_description:/home/lemmy/ros2_ws/install/dynamixel_hardware:/home/lemmy/ros2_ws/install/my_robot_controller:/opt/ros/humble /usr/bin/cmake --build /home/lemmy/robotis_ws/build/dynamixel_sdk_examples -- -j4 -l4
[0.429s] [35m[1mConsolidate compiler generated dependencies of target read_write_node[0m
[0.555s] [ 50%] [32mBuilding CXX object CMakeFiles/read_write_node.dir/src/read_write_node.cpp.o[0m
[14.062s] [01m[K/home/lemmy/robotis_ws/src/DynamixelSDK/dynamixel_sdk_examples/src/read_write_node.cpp:[m[K In lambda function:
[14.063s] [01m[K/home/lemmy/robotis_ws/src/DynamixelSDK/dynamixel_sdk_examples/src/read_write_node.cpp:127:27:[m[K [01;31m[Kerror: [m[Kâ€˜[01m[Kusing element_type = struct dynamixel_sdk_custom_interfaces::srv::GetVelocity_Response_<std::allocator<void> >[m[Kâ€™ {aka â€˜[01m[Kstruct dynamixel_sdk_custom_interfaces::srv::GetVelocity_Response_<std::allocator<void> >[m[Kâ€™} has no member named â€˜[01m[Kvelocity[m[Kâ€™; did you mean â€˜[01m[Kvelocities[m[Kâ€™?
[14.063s]   127 |                 response->[01;31m[Kvelocity[m[K = present_velocity;
[14.063s]       |                           [01;31m[K^~~~~~~~[m[K
[14.064s]       |                           [32m[Kvelocities[m[K
[26.099s] gmake[2]: *** [CMakeFiles/read_write_node.dir/build.make:76: CMakeFiles/read_write_node.dir/src/read_write_node.cpp.o] Error 1
[26.100s] gmake[1]: *** [CMakeFiles/Makefile2:137: CMakeFiles/read_write_node.dir/all] Error 2
[26.101s] gmake: *** [Makefile:146: all] Error 2
[26.109s] Invoked command in '/home/lemmy/robotis_ws/build/dynamixel_sdk_examples' returned '2': CMAKE_PREFIX_PATH=/home/lemmy/robotis_ws/install/dynamixel_sdk_custom_interfaces:/home/lemmy/robotis_ws/install/dynamixel_sdk:/home/lemmy/Github/Mobile_robot/dynamixel_motors_controller/install/dynamixel_motors_controller:/home/lemmy/robotis_ws/install/dynamixel_sdk_examples:/home/lemmy/ros2_ws/install/pantilt_bot_description:/home/lemmy/ros2_ws/install/open_manipulator_x_description:/home/lemmy/ros2_ws/install/dynamixel_hardware:/home/lemmy/ros2_ws/install/my_robot_controller:/opt/ros/humble /usr/bin/cmake --build /home/lemmy/robotis_ws/build/dynamixel_sdk_examples -- -j4 -l4
